<?xml version="1.0" encoding="UTF-8"?>
<testsuite xmlns:xsi="http://www.w3.org/2001/XMLSchema-instance" xsi:schemaLocation="https://maven.apache.org/surefire/maven-surefire-plugin/xsd/surefire-test-report.xsd" name="TestSuite" time="56.4" tests="4" errors="0" skipped="2" failures="1">
  <properties>
[...]
</properties>
  <testcase name="loginTest" classname="com.SM.testCases.TC001_Login_Test" time="21.417"/>
  <testcase name="setUp" classname="com.SM.testCases.TC002_Verify_Singup_Link" time="34.973">
    <failure message="Browsing context has been discarded&#10;Build info: version: &apos;3.141.59&apos;, revision: &apos;e82be7d358&apos;, time: &apos;2018-11-14T08:17:03&apos;&#10;System info: host: &apos;LAPTOP-6LVJ88R3&apos;, ip: &apos;192.168.2.19&apos;, os.name: &apos;Windows 10&apos;, os.arch: &apos;amd64&apos;, os.version: &apos;10.0&apos;, java.version: &apos;1.8.0_301&apos;&#10;Driver info: org.openqa.selenium.firefox.FirefoxDriver&#10;Capabilities {acceptInsecureCerts: true, browserName: firefox, browserVersion: 91.0.2, javascriptEnabled: true, moz:accessibilityChecks: false, moz:buildID: 20210823123856, moz:geckodriverVersion: 0.29.0, moz:headless: false, moz:processID: 24812, moz:profile: C:\Users\Navya\AppData\Loca..., moz:shutdownTimeout: 60000, moz:useNonSpecCompliantPointerOrigin: false, moz:webdriverClick: true, pageLoadStrategy: normal, platform: WINDOWS, platformName: WINDOWS, platformVersion: 10.0, proxy: Proxy(), setWindowRect: true, strictFileInteractability: false, timeouts: {implicit: 0, pageLoad: 300000, script: 30000}, unhandledPromptBehavior: dismiss and notify}&#10;Session ID: 4b42dda7-4958-42ba-9dd3-70185a12aaf5&#10;*** Element info: {Using=id, value=onetrust-accept-btn-handler}" type="org.openqa.selenium.NoSuchWindowException">org.openqa.selenium.NoSuchWindowException: 
Browsing context has been discarded
Build info: version: '3.141.59', revision: 'e82be7d358', time: '2018-11-14T08:17:03'
System info: host: 'LAPTOP-6LVJ88R3', ip: '192.168.2.19', os.name: 'Windows 10', os.arch: 'amd64', os.version: '10.0', java.version: '1.8.0_301'
Driver info: org.openqa.selenium.firefox.FirefoxDriver
Capabilities {acceptInsecureCerts: true, browserName: firefox, browserVersion: 91.0.2, javascriptEnabled: true, moz:accessibilityChecks: false, moz:buildID: 20210823123856, moz:geckodriverVersion: 0.29.0, moz:headless: false, moz:processID: 24812, moz:profile: C:\Users\Navya\AppData\Loca..., moz:shutdownTimeout: 60000, moz:useNonSpecCompliantPointerOrigin: false, moz:webdriverClick: true, pageLoadStrategy: normal, platform: WINDOWS, platformName: WINDOWS, platformVersion: 10.0, proxy: Proxy(), setWindowRect: true, strictFileInteractability: false, timeouts: {implicit: 0, pageLoad: 300000, script: 30000}, unhandledPromptBehavior: dismiss and notify}
Session ID: 4b42dda7-4958-42ba-9dd3-70185a12aaf5
*** Element info: {Using=id, value=onetrust-accept-btn-handler}
</failure>
    <system-out><![CDATA[C:\Users\Navya\Desktop\QA\Naresh QA Class\Eclipse Workspace\SurveyMonkeyProject_12Sep21\screenshots\loginTest.png
[INFO ] 31-10-2021 05:53:48.918 TC001_Login_Test - ****Application closed successfully****
 [INFO ] 31-10-2021 05:53:57.009 TC002_Verify_Singup_Link - *****Firefox browser is launched succuessfully*********
 [INFO ] 31-10-2021 05:53:58.211 TC002_Verify_Singup_Link - *****URL launched is :- https://www.surveymonkey.com/user/sign-in/?ut_ctatext=Log%20in&ut_source=homepage&ut_source3=megamenu******
 ]]></system-out>
    <system-err><![CDATA[1635717225816	Marionette	INFO	Stopped listening on port 63710
JavaScript error: resource:///modules/Interactions.jsm, line 209: NS_ERROR_FAILURE: Component returned failure code: 0x80004005 (NS_ERROR_FAILURE) [nsIUserIdleService.removeIdleObserver]

###!!! [Child][MessageChannel] Error: (msgtype=0x590008,name=PHttpChannel::Msg_DeletingChannel) Channel closing: too late to send/recv, messages will be lost


###!!! [Parent][MessageChannel] Error: (msgtype=0x390076,name=PContent::Msg_DestroyBrowsingContextGroup) Closed channel: cannot send/recv


###!!! [Child][RunMessage] Error: Channel closing: too late to send/recv, messages will be lost


###!!! [Child][RunMessage] Error: Channel closing: too late to send/recv, messages will be lost


###!!! [Child][RunMessage] Error: Channel closing: too late to send/recv, messages will be lost


###!!! [Child][RunMessage] Error: Channel closing: too late to send/recv, messages will be lost


###!!! [Child][RunMessage] Error: Channel closing: too late to send/recv, messages will be lost


###!!! [Child][RunMessage] Error: Channel closing: too late to send/recv, messages will be lost


###!!! [Child][RunMessage] Error: Channel closing: too late to send/recv, messages will be lost


###!!! [Child][RunMessage] Error: Channel closing: too late to send/recv, messages will be lost


###!!! [Child][RunMessage] Error: Channel closing: too late to send/recv, messages will be lost


###!!! [Child][RunMessage] Error: Channel closing: too late to send/recv, messages will be lost


###!!! [Child][RunMessage] Error: Channel closing: too late to send/recv, messages will be lost


###!!! [Child][RunMessage] Error: Channel closing: too late to send/recv, messages will be lost


###!!! [Child][RunMessage] Error: Channel closing: too late to send/recv, messages will be lost

1635717229551	geckodriver	INFO	Listening on 127.0.0.1:17122
1635717230074	mozrunner::runner	INFO	Running command: "C:\\Program Files\\Mozilla Firefox\\firefox.exe" "--marionette" "-foreground" "-no-remote" "-profile" "C:\\Users\\Navya\\AppData\\Local\\Temp\\rust_mozprofileag6rCO"
1635717230949	Marionette	INFO	Marionette enabled
console.warn: SearchSettings: "get: No settings file exists, new profile?" (new NotFoundError("Could not open the file at C:\\Users\\Navya\\AppData\\Local\\Temp\\rust_mozprofileag6rCO\\search.json.mozlz4", (void 0)))
1635717236843	Marionette	INFO	Listening on port 63857
1635717236990	RemoteAgent	WARN	TLS certificate errors will be ignored for this session
Oct 31, 2021 5:53:57 PM org.openqa.selenium.remote.ProtocolHandshake createSession
INFO: Detected dialect: W3C
1635717238196	Marionette	INFO	Stopped listening on port 63857
JavaScript error: resource:///modules/Interactions.jsm, line 209: NS_ERROR_FAILURE: Component returned failure code: 0x80004005 (NS_ERROR_FAILURE) [nsIUserIdleService.removeIdleObserver]
JavaScript error: chrome://remote/content/marionette/cert.js, line 55: NS_ERROR_NOT_AVAILABLE: Component returned failure code: 0x80040111 (NS_ERROR_NOT_AVAILABLE) [nsICertOverrideService.setDisableAllSecurityChecksAndLetAttackersInterceptMyData]

###!!! [Child][RunMessage] Error: Channel closing: too late to send/recv, messages will be lost


###!!! [Child][RunMessage] Error: Channel closing: too late to send/recv, messages will be lost


###!!! [Child][RunMessage] Error: Channel closing: too late to send/recv, messages will be lost


###!!! [Child][RunMessage] Error: Channel closing: too late to send/recv, messages will be lost


###!!! [Child][RunMessage] Error: Channel closing: too late to send/recv, messages will be lost


###!!! [Child][RunMessage] Error: Channel closing: too late to send/recv, messages will be lost


###!!! [Child][RunMessage] Error: Channel closing: too late to send/recv, messages will be lost


###!!! [Child][RunMessage] Error: Channel closing: too late to send/recv, messages will be lost


###!!! [Child][RunMessage] Error: Channel closing: too late to send/recv, messages will be lost


###!!! [Child][RunMessage] Error: Channel closing: too late to send/recv, messages will be lost

]]></system-err>
  </testcase>
  <testcase name="verifySignUpLinkExistTest" classname="com.SM.testCases.TC002_Verify_Singup_Link" time="0">
    <skipped message="Browsing context has been discarded&#10;Build info: version: &apos;3.141.59&apos;, revision: &apos;e82be7d358&apos;, time: &apos;2018-11-14T08:17:03&apos;&#10;System info: host: &apos;LAPTOP-6LVJ88R3&apos;, ip: &apos;192.168.2.19&apos;, os.name: &apos;Windows 10&apos;, os.arch: &apos;amd64&apos;, os.version: &apos;10.0&apos;, java.version: &apos;1.8.0_301&apos;&#10;Driver info: org.openqa.selenium.firefox.FirefoxDriver&#10;Capabilities {acceptInsecureCerts: true, browserName: firefox, browserVersion: 91.0.2, javascriptEnabled: true, moz:accessibilityChecks: false, moz:buildID: 20210823123856, moz:geckodriverVersion: 0.29.0, moz:headless: false, moz:processID: 24812, moz:profile: C:\Users\Navya\AppData\Loca..., moz:shutdownTimeout: 60000, moz:useNonSpecCompliantPointerOrigin: false, moz:webdriverClick: true, pageLoadStrategy: normal, platform: WINDOWS, platformName: WINDOWS, platformVersion: 10.0, proxy: Proxy(), setWindowRect: true, strictFileInteractability: false, timeouts: {implicit: 0, pageLoad: 300000, script: 30000}, unhandledPromptBehavior: dismiss and notify}&#10;Session ID: 4b42dda7-4958-42ba-9dd3-70185a12aaf5&#10;*** Element info: {Using=id, value=onetrust-accept-btn-handler}"/>
  </testcase>
  <testcase name="tearDown" classname="com.SM.testCases.TC002_Verify_Singup_Link" time="0">
    <skipped/>
  </testcase>
</testsuite>