<?xml version="1.0" encoding="UTF-8"?>
<testng-results skipped="0" failed="0" ignored="0" total="2" passed="2">
  <reporter-output>
  </reporter-output>
  <suite name="Regression Execution" duration-ms="146996" started-at="2021-10-27T16:36:03Z" finished-at="2021-10-27T16:38:30Z">
    <groups>
    </groups>
    <test name="TC001_Login_Test" duration-ms="115488" started-at="2021-10-27T16:36:03Z" finished-at="2021-10-27T16:37:59Z">
      <class name="com.SM.testCases.TC001_Login_Test">
        <test-method status="PASS" signature="setUp(java.lang.String)[pri:0, instance:com.SM.testCases.TC001_Login_Test@5db6b9cd]" name="setUp" is-config="true" duration-ms="74481" started-at="2021-10-27T16:36:04Z" finished-at="2021-10-27T16:37:18Z">
          <params>
            <param index="0">
              <value>
                <![CDATA[Firefox]]>
              </value>
            </param>
          </params>
          <reporter-output>
          </reporter-output>
        </test-method> <!-- setUp -->
        <test-method status="PASS" signature="loginTest()[pri:0, instance:com.SM.testCases.TC001_Login_Test@5db6b9cd]" name="loginTest" duration-ms="35525" started-at="2021-10-27T16:37:18Z" finished-at="2021-10-27T16:37:54Z">
          <reporter-output>
          </reporter-output>
        </test-method> <!-- loginTest -->
        <test-method status="PASS" signature="tearDown()[pri:0, instance:com.SM.testCases.TC001_Login_Test@5db6b9cd]" name="tearDown" is-config="true" duration-ms="4813" started-at="2021-10-27T16:37:54Z" finished-at="2021-10-27T16:37:59Z">
          <reporter-output>
          </reporter-output>
        </test-method> <!-- tearDown -->
      </class> <!-- com.SM.testCases.TC001_Login_Test -->
    </test> <!-- TC001_Login_Test -->
    <test name="TC002_Verify_Singup_Link" duration-ms="29946" started-at="2021-10-27T16:38:00Z" finished-at="2021-10-27T16:38:30Z">
      <class name="com.SM.testCases.TC002_Verify_Singup_Link">
        <test-method status="PASS" signature="setUp(java.lang.String)[pri:0, instance:com.SM.testCases.TC002_Verify_Singup_Link@d23e042]" name="setUp" is-config="true" duration-ms="18210" started-at="2021-10-27T16:38:00Z" finished-at="2021-10-27T16:38:18Z">
          <params>
            <param index="0">
              <value>
                <![CDATA[Firefox]]>
              </value>
            </param>
          </params>
          <reporter-output>
          </reporter-output>
        </test-method> <!-- setUp -->
        <test-method status="PASS" signature="verifySignUpLinkExistTest()[pri:0, instance:com.SM.testCases.TC002_Verify_Singup_Link@d23e042]" name="verifySignUpLinkExistTest" duration-ms="8495" started-at="2021-10-27T16:38:18Z" finished-at="2021-10-27T16:38:27Z">
          <reporter-output>
          </reporter-output>
        </test-method> <!-- verifySignUpLinkExistTest -->
        <test-method status="PASS" signature="tearDown()[pri:0, instance:com.SM.testCases.TC002_Verify_Singup_Link@d23e042]" name="tearDown" is-config="true" duration-ms="3231" started-at="2021-10-27T16:38:27Z" finished-at="2021-10-27T16:38:30Z">
          <reporter-output>
          </reporter-output>
        </test-method> <!-- tearDown -->
      </class> <!-- com.SM.testCases.TC002_Verify_Singup_Link -->
    </test> <!-- TC002_Verify_Singup_Link -->
  </suite> <!-- Regression Execution -->
</testng-results>
